<?xml version="1.0" encoding="UTF-8"?>
<coverage generated="1575605465566" clover="3.2.0">
  <project timestamp="1575605465566" name="All files">
    <metrics statements="9" coveredstatements="9" conditionals="0" coveredconditionals="0" methods="0" coveredmethods="0" elements="9" coveredelements="9" complexity="0" loc="9" ncloc="9" packages="2" files="3" classes="3"/>
    <package name="lib.models">
      <metrics statements="3" coveredstatements="3" conditionals="0" coveredconditionals="0" methods="0" coveredmethods="0"/>
      <file name="Color.js" path="/Users/sarahmayfield/alchemy/career-track/01-week/mongoose-mocks/lib/models/Color.js">
        <metrics statements="3" coveredstatements="3" conditionals="0" coveredconditionals="0" methods="0" coveredmethods="0"/>
        <line num="1" count="1" type="stmt"/>
        <line num="3" count="1" type="stmt"/>
        <line num="28" count="1" type="stmt"/>
      </file>
    </package>
    <package name="models">
      <metrics statements="6" coveredstatements="6" conditionals="0" coveredconditionals="0" methods="0" coveredmethods="0"/>
      <file name="Color.js" path="/Users/sarahmayfield/alchemy/career-track/01-week/mongoose-mocks/models/Color.js">
        <metrics statements="3" coveredstatements="3" conditionals="0" coveredconditionals="0" methods="0" coveredmethods="0"/>
        <line num="2" count="1" type="stmt"/>
        <line num="4" count="1" type="stmt"/>
        <line num="29" count="1" type="stmt"/>
      </file>
      <file name="Exercise.js" path="/Users/sarahmayfield/alchemy/career-track/01-week/mongoose-mocks/models/Exercise.js">
        <metrics statements="3" coveredstatements="3" conditionals="0" coveredconditionals="0" methods="0" coveredmethods="0"/>
        <line num="2" count="1" type="stmt"/>
        <line num="4" count="1" type="stmt"/>
        <line num="29" count="1" type="stmt"/>
      </file>
    </package>
  </project>
</coverage>
