{"/Users/sarahmayfield/alchemy/career-track/01-week/mongoose-mocks/lib/models/Color.js": {"path":"/Users/sarahmayfield/alchemy/career-track/01-week/mongoose-mocks/lib/models/Color.js","statementMap":{"0":{"start":{"line":1,"column":17},"end":{"line":1,"column":36}},"1":{"start":{"line":3,"column":15},"end":{"line":26,"column":2}},"2":{"start":{"line":28,"column":0},"end":{"line":28,"column":49}}},"fnMap":{},"branchMap":{},"s":{"0":1,"1":1,"2":1},"f":{},"b":{},"_coverageSchema":"43e27e138ebf9cfc5966b082cf9a028302ed4184","hash":"cbca4226f58b5d8e358caf6ab124bdc1691bb609"}
,"/Users/sarahmayfield/alchemy/career-track/01-week/mongoose-mocks/models/Color.js": {"path":"/Users/sarahmayfield/alchemy/career-track/01-week/mongoose-mocks/models/Color.js","statementMap":{"0":{"start":{"line":2,"column":17},"end":{"line":2,"column":36}},"1":{"start":{"line":4,"column":15},"end":{"line":27,"column":2}},"2":{"start":{"line":29,"column":0},"end":{"line":29,"column":49}}},"fnMap":{},"branchMap":{},"s":{"0":1,"1":1,"2":1},"f":{},"b":{},"_coverageSchema":"43e27e138ebf9cfc5966b082cf9a028302ed4184","hash":"d674e9c174acce9a3def5a8735308a839009f1ed"}
,"/Users/sarahmayfield/alchemy/career-track/01-week/mongoose-mocks/models/Exercise.js": {"path":"/Users/sarahmayfield/alchemy/career-track/01-week/mongoose-mocks/models/Exercise.js","statementMap":{"0":{"start":{"line":2,"column":17},"end":{"line":2,"column":36}},"1":{"start":{"line":4,"column":15},"end":{"line":27,"column":2}},"2":{"start":{"line":29,"column":0},"end":{"line":29,"column":49}}},"fnMap":{},"branchMap":{},"s":{"0":1,"1":1,"2":1},"f":{},"b":{},"_coverageSchema":"43e27e138ebf9cfc5966b082cf9a028302ed4184","hash":"c1035c5b572e038baea23a5b61cdc0d3c2cd8e17"}
}
